2026-07-22 01:52:33,942 - INFO - Market data received for EURUSD=X
2026-07-22 01:54:29,662 - ERROR - Market data error: 'DataFrame' object has no attribute 'to_frame'
2026-07-22 01:54:29,663 - ERROR - No market data
2026-07-22 01:55:52,636 - INFO - Market data received for EURUSD=X
2026-07-22 01:55:52,639 - INFO - AI Signal: HOLD
2026-07-22 01:58:54,474 - INFO - Market data received for EURUSD=X
2026-07-22 01:59:42,725 - INFO - Market data received for EURUSD=X
2026-07-22 01:59:42,730 - INFO - AI Signal: SELL | Score: -3
2026-07-22 02:04:51,104 - INFO - Market data received for EURUSD=X
2026-07-22 02:04:51,107 - INFO - AI Signal: SELL | Score: -3
2026-07-22 02:04:51,107 - INFO - Trade levels created: {'signal': 'SELL', 'entry': 1.140380859375, 'stop_loss': 1.14608, 'take_profit': 1.12898, 'risk_reward': '1:2'}
2026-07-22 02:07:27,957 - INFO - Market data received for EURUSD=X
2026-07-22 02:07:27,961 - INFO - AI Result: {'decision': 'SELL', 'confidence': 33.33, 'score': -2, 'reasons': ['Price below EMA SELL', 'MACD bearish']}
2026-07-22 02:07:27,961 - INFO - Trade levels created: {'signal': 'SELL', 'entry': 1.140380859375, 'stop_loss': 1.14608, 'take_profit': 1.12898, 'risk_reward': '1:2'}
2026-07-22 02:09:31,205 - INFO - Market data received for EURUSD=X
2026-07-22 02:09:31,212 - INFO - AI Result: {'decision': 'SELL', 'confidence': 33.33, 'score': -2, 'reasons': ['Price below EMA SELL', 'MACD bearish']}
2026-07-22 02:09:31,213 - INFO - Trade levels created: {'signal': 'SELL', 'entry': 1.140380859375, 'stop_loss': 1.14608, 'take_profit': 1.12898, 'risk_reward': '1:2'}
2026-07-22 02:10:31,425 - INFO - Market data received for EURUSD=X
2026-07-22 02:11:42,080 - ERROR - $EURUSD=X: possibly delisted; no price data found  (period=1mo)
2026-07-22 02:11:42,093 - ERROR - 
1 Failed download:
2026-07-22 02:11:42,094 - ERROR - ['EURUSD=X']: possibly delisted; no price data found  (period=1mo)
2026-07-22 02:11:42,111 - WARNING - No data received for EURUSD=X
2026-07-22 02:11:42,112 - ERROR - No market data
2026-07-22 02:12:44,169 - INFO - Market data received for EURUSD=X
2026-07-22 02:12:44,185 - INFO - AI Result: {'decision': 'HOLD', 'confidence': 14.29, 'score': -1, 'adx': 25.83, 'reasons': ['Price below EMA SELL', 'MACD bearish', 'Strong trend ADX']}
2026-07-22 02:13:48,272 - INFO - Market data received for EURUSD=X
2026-07-22 02:13:48,284 - INFO - AI Result: {'decision': 'HOLD', 'confidence': 14.29, 'score': -1, 'adx': 25.83, 'reasons': ['Price below EMA SELL', 'MACD bearish', 'Strong trend ADX']}
2026-07-22 02:20:38,573 - INFO - Market data received for EURUSD=X
2026-07-22 02:20:38,595 - INFO - AI Result: {'decision': 'HOLD', 'confidence': 14.29, 'score': -1, 'adx': 25.83, 'reasons': ['Price below EMA SELL', 'MACD bearish', 'Strong trend ADX']}
2026-07-22 02:22:58,097 - INFO - Market data received for EURUSD=X
2026-07-22 02:22:58,119 - INFO - AI Result: {'decision': 'HOLD', 'confidence': 14.29, 'score': -1, 'adx': 25.83, 'reasons': ['Price below EMA SELL', 'MACD bearish', 'Strong trend ADX']}
2026-07-22 02:33:48,707 - INFO - Market data received for EURUSD=X
2026-07-22 02:35:12,155 - INFO - Market data received for EURUSD=X
2026-07-22 02:35:12,170 - INFO - AI Result: {'decision': 'HOLD', 'confidence': 14.29, 'score': -1, 'adx': 25.83, 'reasons': ['Price below EMA SELL', 'MACD bearish', 'Strong trend ADX']}
2026-07-22 02:36:47,981 - INFO - Market data received for EURUSD=X
2026-07-22 02:36:48,003 - INFO - AI Result: {'decision': 'HOLD', 'confidence': 14.29, 'score': -1, 'adx': 25.83, 'reasons': ['Price below EMA SELL', 'MACD bearish', 'Strong trend ADX']}
2026-07-22 02:38:07,793 - INFO - Market data received for EURUSD=X
2026-07-22 02:38:07,818 - INFO - AI Result: {'decision': 'HOLD', 'confidence': 14.29, 'score': -1, 'adx': 25.83, 'reasons': ['Price below EMA SELL', 'MACD bearish', 'Strong trend ADX']}
2026-07-22 02:39:52,910 - INFO - Market data received for EURUSD=X
2026-07-22 02:39:52,930 - INFO - AI Result: {'decision': 'HOLD', 'confidence': 14.29, 'score': -1, 'adx': 25.83, 'reasons': ['Price below EMA SELL', 'MACD bearish', 'Strong trend ADX']}
2026-07-22 02:41:38,499 - INFO - Market data received for EURUSD=X
2026-07-22 02:41:38,529 - INFO - AI Result: {'decision': 'HOLD', 'confidence': 14.29, 'score': -1, 'adx': 25.83, 'reasons': ['Price below EMA SELL', 'MACD bearish', 'Strong trend ADX']}
2026-07-22 02:42:31,461 - INFO - Market data received for EURUSD=X
2026-07-22 02:42:31,476 - INFO - AI Result: {'decision': 'HOLD', 'confidence': 14.29, 'score': -1, 'adx': 25.83, 'reasons': ['Price below EMA SELL', 'MACD bearish', 'Strong trend ADX']}
2026-07-22 02:44:04,924 - INFO - Market data received for EURUSD=X
2026-07-22 02:44:04,946 - INFO - AI Result: {'decision': 'HOLD', 'confidence': 14.29, 'score': -1, 'adx': 25.83, 'reasons': ['Price below EMA SELL', 'MACD bearish', 'Strong trend ADX']}
2026-07-22 02:51:43,952 - INFO - Market data received for EURUSD=X
2026-07-22 02:51:43,975 - INFO - AI Result: {'decision': 'HOLD', 'confidence': 14.29, 'score': -1, 'adx': 25.83, 'reasons': ['Price below EMA SELL', 'MACD bearish', 'Strong trend ADX']}
2026-07-22 02:52:57,885 - INFO - Market data received for EURUSD=X
2026-07-22 02:52:57,907 - INFO - AI Result: {'decision': 'HOLD', 'confidence': 14.29, 'score': -1, 'adx': 25.83, 'reasons': ['Qiym\u0259t EMA-dan aţađýdýr - eniţ trendi', 'MACD m\u0259nfi istiqam\u0259td\u0259dir - eniţ', 'ADX güclüdür - trend t\u0259sdiql\u0259nir']}
2026-07-22 03:20:47,010 - INFO - Market data received for EURUSD=X
2026-07-22 03:20:47,034 - INFO - AI Result: {'decision': 'HOLD', 'confidence': 14.29, 'score': -1, 'adx': 27.63, 'reasons': ['Qiym\u0259t EMA-dan aţađýdýr - eniţ trendi', 'MACD m\u0259nfi istiqam\u0259td\u0259dir - eniţ', 'ADX güclüdür - trend t\u0259sdiql\u0259nir']}
2026-07-22 03:22:10,464 - ERROR - $EURUSD=X: possibly delisted; no price data found  (period=1mo)
2026-07-22 03:22:10,475 - ERROR - 
1 Failed download:
2026-07-22 03:22:10,475 - ERROR - ['EURUSD=X']: possibly delisted; no price data found  (period=1mo)
2026-07-22 03:22:10,481 - WARNING - No data received for EURUSD=X
2026-07-22 03:22:10,481 - ERROR - No market data
2026-07-22 03:24:19,080 - INFO - Market data received for EURUSD=X
2026-07-22 03:24:19,102 - INFO - AI Result: {'decision': 'HOLD', 'confidence': 14.29, 'score': -1, 'adx': 27.63, 'reasons': ['Qiym\u0259t EMA-dan aţađýdýr - eniţ trendi', 'MACD m\u0259nfi istiqam\u0259td\u0259dir - eniţ', 'ADX güclüdür - trend t\u0259sdiql\u0259nir']}
2026-07-22 03:26:29,926 - INFO - Market data received for EURUSD=X
2026-07-22 03:26:29,949 - INFO - AI Result: {'decision': 'HOLD', 'confidence': 14.29, 'score': -1, 'adx': 27.63, 'reasons': ['Qiym\u0259t EMA-dan aţađýdýr - eniţ trendi', 'MACD m\u0259nfi istiqam\u0259td\u0259dir - eniţ', 'ADX güclüdür - trend t\u0259sdiql\u0259nir']}
2026-07-22 03:30:31,447 - INFO - Market data received for EURUSD=X
2026-07-22 03:30:31,471 - INFO - AI Result: {'decision': 'HOLD', 'confidence': 14.29, 'score': -1, 'adx': 27.63, 'reasons': ['Qiym\u0259t EMA-dan aţađýdýr - eniţ trendi', 'MACD m\u0259nfi istiqam\u0259td\u0259dir - eniţ', 'ADX güclüdür - trend t\u0259sdiql\u0259nir']}
2026-07-22 03:32:22,550 - INFO - Market data received for EURUSD=X
2026-07-22 03:32:22,571 - INFO - AI Result: {'decision': 'HOLD', 'confidence': 14.29, 'score': -1, 'adx': 27.63, 'reasons': ['Qiym\u0259t EMA-dan aţađýdýr - eniţ trendi', 'MACD m\u0259nfi istiqam\u0259td\u0259dir - eniţ', 'ADX güclüdür - trend t\u0259sdiql\u0259nir']}
2026-07-22 03:33:43,118 - INFO - Market data received for EURUSD=X
2026-07-22 03:33:43,138 - INFO - AI Result: {'decision': 'HOLD', 'confidence': 14.29, 'score': -1, 'adx': 27.63, 'reasons': ['Qiym\u0259t EMA-dan aţađýdýr - eniţ trendi', 'MACD m\u0259nfi istiqam\u0259td\u0259dir - eniţ', 'ADX güclüdür - trend t\u0259sdiql\u0259nir']}
2026-07-22 03:43:13,400 - INFO - Market data received for EURUSD=X
2026-07-22 03:43:13,414 - INFO - AI Result: {'decision': 'HOLD', 'confidence': 12.5, 'score': -1, 'adx': 27.63, 'reasons': ['RSI aţađýdýr - alýţ potensialý', 'Qiym\u0259t EMA-dan aţađýdýr - qýsa trend eniţdir', 'Qiym\u0259t EMA200-d\u0259n aţađýdýr - \u0259sas trend eniţdir', 'MACD eniţi göst\u0259rir', 'ADX güclüdür - trend t\u0259sdiql\u0259nir']}
2026-07-22 13:51:54,965 - INFO - Market data received for EURUSD=X
2026-07-22 13:51:54,992 - INFO - AI Result: {'decision': 'HOLD', 'confidence': 12.5, 'score': -1, 'adx': 21.43, 'reasons': ['Qiym\u0259t EMA-dan aţađýdýr - qýsa trend eniţdir', 'Qiym\u0259t EMA200-d\u0259n aţađýdýr - \u0259sas trend eniţdir', 'MACD yüks\u0259liţi göst\u0259rir']}
2026-07-22 14:02:27,052 - INFO - Market data received for EURUSD=X
2026-07-22 14:02:27,070 - INFO - AI Result: {'decision': 'HOLD', 'confidence': 12.5, 'score': -1, 'adx': 20.65, 'reasons': ['Qiym\u0259t EMA-dan aţađýdýr - qýsa trend eniţdir', 'Qiym\u0259t EMA200-d\u0259n aţađýdýr - \u0259sas trend eniţdir', 'MACD yüks\u0259liţi göst\u0259rir']}
2026-07-22 14:11:07,573 - INFO - Market data received for EURUSD=X
2026-07-22 14:11:07,604 - INFO - AI Result: {'decision': 'HOLD', 'confidence': 9.09, 'score': -1, 'adx': 20.17, 'reasons': ['Price below EMA50', 'Price below EMA200', 'MACD bullish crossover', 'Weak trend (ADX < 25)', 'Price is near support']}
2026-07-22 14:14:19,369 - INFO - Market data received for EURUSD=X
2026-07-22 14:14:19,392 - INFO - AI Result: {'decision': 'HOLD', 'confidence': 9.09, 'score': -1, 'adx': 20.17, 'reasons': ['Price below EMA50', 'Price below EMA200', 'MACD bullish crossover', 'Weak trend (ADX < 25)', 'Price is near support']}
2026-07-22 14:16:48,799 - INFO - Market data received for EURUSD=X
2026-07-22 14:16:48,819 - INFO - AI Result: {'decision': 'HOLD', 'confidence': 9.09, 'score': -1, 'adx': 20.17, 'reasons': ['Price below EMA50', 'Price below EMA200', 'MACD bullish crossover', 'Weak trend (ADX < 25)', 'Price is near support']}
2026-07-22 14:19:00,115 - INFO - Market data received for EURUSD=X
2026-07-22 14:19:00,135 - INFO - AI Result: {'decision': 'HOLD', 'confidence': 9.09, 'score': -1, 'adx': 20.17, 'reasons': ['Price below EMA50', 'Price below EMA200', 'MACD bullish crossover', 'Weak trend (ADX < 25)', 'Price is near support']}
2026-07-22 14:25:54,903 - INFO - Market data received for EURUSD=X
2026-07-22 14:25:54,924 - INFO - AI Result: {'decision': 'HOLD', 'confidence': 16.67, 'score': -3, 'adx': 20.17, 'reasons': ['Price below EMA50', 'Price below EMA200', 'RSI neutral', 'MACD bullish crossover', 'Moderate trend (20 <= ADX < 25)', 'Price is near support']}
2026-07-22 14:28:17,715 - INFO - Market data received for EURUSD=X
2026-07-22 14:28:17,741 - INFO - AI Result: {'decision': 'HOLD', 'confidence': 16.67, 'score': -3, 'adx': 20.17, 'reasons': ['Price below EMA50', 'Price below EMA200', 'RSI neutral', 'MACD bullish crossover', 'Moderate trend (20 <= ADX < 25)', 'Price is near support']}
2026-07-22 14:33:32,007 - INFO - Market data received for EURUSD=X
2026-07-22 14:33:32,030 - INFO - AI Result: {'decision': 'HOLD', 'confidence': 16.67, 'score': -3, 'adx': 20.17, 'reasons': ['Price below EMA50', 'Price below EMA200', 'RSI neutral', 'MACD bullish crossover', 'Moderate trend (20 <= ADX < 25)', 'Price is near support']}
2026-07-22 14:34:50,044 - INFO - Market data received for EURUSD=X
2026-07-22 14:34:50,091 - INFO - AI Result: {'decision': 'HOLD', 'confidence': 16.67, 'score': -3, 'adx': 20.17, 'reasons': ['Price below EMA50', 'Price below EMA200', 'RSI neutral', 'MACD bullish crossover', 'Moderate trend (20 <= ADX < 25)', 'Price is near support']}
2026-07-22 14:36:55,768 - INFO - Market data received for EURUSD=X
2026-07-22 14:36:55,797 - INFO - AI Result: {'decision': 'HOLD', 'confidence': 16.67, 'score': -3, 'adx': 20.17, 'reasons': ['Price below EMA50', 'Price below EMA200', 'RSI neutral', 'MACD bullish crossover', 'Moderate trend (20 <= ADX < 25)', 'Price is near support']}
2026-07-22 14:51:48,254 - INFO - Market data received for EURUSD=X
2026-07-22 14:51:48,278 - INFO - AI Result: {'decision': 'HOLD', 'confidence': 16.67, 'score': -3, 'adx': 20.17, 'reasons': ['Price below EMA50', 'Price below EMA200', 'RSI neutral', 'MACD bullish crossover', 'Moderate trend (20 <= ADX < 25)', 'Price is near support']}
2026-07-22 14:53:16,935 - INFO - Market data received for EURUSD=X
2026-07-22 14:53:16,951 - INFO - AI Result: {'decision': 'HOLD', 'confidence': 38.89, 'score': -7, 'adx': 20.17, 'reasons': ['Price below EMA50', 'Price below EMA200', 'RSI neutral', 'MACD bullish crossover', 'Moderate trend (20 <= ADX < 25)', 'Price is near resistance']}
2026-07-22 14:56:08,630 - INFO - Market data received for EURUSD=X
2026-07-22 14:56:08,646 - INFO - AI Result: {'decision': 'HOLD', 'confidence': 38.89, 'score': -7, 'adx': 20.17, 'reasons': ['Price below EMA50', 'Price below EMA200', 'RSI neutral', 'MACD bullish crossover', 'Moderate trend (20 <= ADX < 25)', 'Price is near resistance']}
2026-07-22 14:57:19,889 - INFO - Market data received for EURUSD=X
2026-07-22 14:57:19,906 - INFO - AI Result: {'decision': 'HOLD', 'confidence': 16.67, 'score': -3, 'adx': 20.17, 'reasons': ['Price below EMA50', 'Price below EMA200', 'RSI neutral', 'MACD bullish crossover', 'Moderate trend (20 <= ADX < 25)', 'Price is near support']}
2026-07-22 15:00:15,325 - INFO - Market data received for EURUSD=X
2026-07-22 15:00:15,350 - INFO - AI Result: {'decision': 'HOLD', 'confidence': 16.67, 'score': -3, 'adx': 20.17, 'reasons': ['Price below EMA50', 'Price below EMA200', 'RSI neutral', 'MACD bullish crossover', 'Moderate trend (20 <= ADX < 25)', 'Price is near support']}
2026-07-22 15:00:31,333 - INFO - Market data received for EURUSD=X
2026-07-22 15:00:31,355 - INFO - AI Result: {'decision': 'HOLD', 'confidence': 27.78, 'score': -5, 'adx': 19.0, 'reasons': ['Price below EMA50', 'Price below EMA200', 'RSI neutral', 'MACD bullish crossover', 'Weak trend (ADX < 20)', 'Price is near support']}
2026-07-22 15:06:03,340 - INFO - Market data received for EURUSD=X
2026-07-22 15:06:03,373 - INFO - AI Result: {'decision': 'HOLD', 'confidence': 27.78, 'score': -5, 'adx': 19.0, 'reasons': ['Price below EMA50', 'Price below EMA200', 'RSI neutral', 'MACD bullish crossover', 'Weak trend (ADX < 20)', 'Price is near support']}
2026-07-22 15:06:03,449 - INFO - Market data received for EURUSD=X
2026-07-22 15:06:03,472 - INFO - AI Result: {'decision': 'HOLD', 'confidence': 27.78, 'score': -5, 'adx': 19.0, 'reasons': ['Price below EMA50', 'Price below EMA200', 'RSI neutral', 'MACD bullish crossover', 'Weak trend (ADX < 20)', 'Price is near support']}
2026-07-22 15:06:45,906 - INFO - Market data received for EURUSD=X
2026-07-22 15:06:45,921 - INFO - AI Result: {'decision': 'HOLD', 'confidence': 27.78, 'score': -5, 'adx': 19.0, 'reasons': ['Price below EMA50', 'Price below EMA200', 'RSI neutral', 'MACD bullish crossover', 'Weak trend (ADX < 20)', 'Price is near support']}
2026-07-22 15:15:30,614 - INFO - Market data received for EURUSD=X
2026-07-22 15:15:30,629 - INFO - AI Result: {'decision': 'HOLD', 'confidence': 27.78, 'score': -5, 'adx': 19.0, 'reasons': ['Price below EMA50', 'Price below EMA200', 'RSI neutral', 'MACD bullish crossover', 'Weak trend (ADX < 20)', 'Price is near support']}
2026-07-22 15:15:30,676 - INFO - Market data received for EURUSD=X
2026-07-22 15:15:30,691 - INFO - AI Result: {'decision': 'HOLD', 'confidence': 27.78, 'score': -5, 'adx': 19.0, 'reasons': ['Price below EMA50', 'Price below EMA200', 'RSI neutral', 'MACD bullish crossover', 'Weak trend (ADX < 20)', 'Price is near support']}
2026-07-22 15:15:31,869 - INFO - Market data received for EURUSD=X
2026-07-22 15:15:31,884 - INFO - AI Result: {'decision': 'HOLD', 'confidence': 27.78, 'score': -5, 'adx': 19.0, 'reasons': ['Price below EMA50', 'Price below EMA200', 'RSI neutral', 'MACD bullish crossover', 'Weak trend (ADX < 20)', 'Price is near support']}
2026-07-22 15:16:55,354 - INFO - Market data received for EURUSD=X
2026-07-22 15:16:55,369 - INFO - AI Result: {'decision': 'HOLD', 'confidence': 27.78, 'score': -5, 'adx': 19.0, 'reasons': ['Price below EMA50', 'Price below EMA200', 'RSI neutral', 'MACD bullish crossover', 'Weak trend (ADX < 20)', 'Price is near support']}
2026-07-22 15:18:30,465 - INFO - Market data received for EURUSD=X
2026-07-22 15:18:30,482 - INFO - AI Result: {'decision': 'HOLD', 'confidence': 27.78, 'score': -5, 'adx': 19.0, 'reasons': ['Price below EMA50', 'Price below EMA200', 'RSI neutral', 'MACD bullish crossover', 'Weak trend (ADX < 20)', 'Price is near support']}
2026-07-22 15:19:36,815 - INFO - Market data received for EURUSD=X
2026-07-22 15:19:36,834 - INFO - AI Result: {'decision': 'HOLD', 'confidence': 27.78, 'score': -5, 'adx': 19.0, 'reasons': ['Price below EMA50', 'Price below EMA200', 'RSI neutral', 'MACD bullish crossover', 'Weak trend (ADX < 20)', 'Price is near support']}
2026-07-22 15:27:48,179 - INFO - Market data received for EURUSD=X
2026-07-22 15:27:48,184 - INFO - Market data received for EURUSD=X
2026-07-22 15:27:48,208 - INFO - AI Result: {'decision': 'HOLD', 'confidence': 27.78, 'score': -5, 'adx': 19.0, 'reasons': ['Price below EMA50', 'Price below EMA200', 'RSI neutral', 'MACD bullish crossover', 'Weak trend (ADX < 20)', 'Price is near support']}
2026-07-22 15:27:48,225 - INFO - AI Result: {'decision': 'HOLD', 'confidence': 27.78, 'score': -5, 'adx': 19.0, 'reasons': ['Price below EMA50', 'Price below EMA200', 'RSI neutral', 'MACD bullish crossover', 'Weak trend (ADX < 20)', 'Price is near support']}
2026-07-22 15:29:03,295 - INFO - Market data received for EURUSD=X
2026-07-22 15:29:03,314 - INFO - AI Result: {'decision': 'HOLD', 'confidence': 27.78, 'score': -5, 'adx': 19.0, 'reasons': ['Price below EMA50', 'Price below EMA200', 'RSI neutral', 'MACD bullish crossover', 'Weak trend (ADX < 20)', 'Price is near support']}
2026-07-22 15:32:48,817 - INFO - Market data received for EURUSD=X
2026-07-22 15:32:48,835 - INFO - AI Result: {'decision': 'HOLD', 'confidence': 27.78, 'score': -5, 'adx': 19.0, 'reasons': ['Price below EMA50', 'Price below EMA200', 'RSI neutral', 'MACD bullish crossover', 'Weak trend (ADX < 20)', 'Price is near support']}
2026-07-22 15:37:49,478 - INFO - Market data received for EURUSD=X
2026-07-22 15:37:49,492 - INFO - AI Result: {'decision': 'HOLD', 'confidence': 27.78, 'score': -5, 'adx': 19.0, 'reasons': ['Price below EMA50', 'Price below EMA200', 'RSI neutral', 'MACD bullish crossover', 'Weak trend (ADX < 20)', 'Price is near support']}
